<?xml version="1.0" encoding="UTF-8"?>
<!-- Generated by org.testng.reporters.JUnitReportReporter -->
<testsuite skipped="0" hostname="ADMIN-PC" name="com.demo.test" tests="10" failures="0" timestamp="22 Jul 2020 16:44:05 GMT" time="17.954" errors="0">
  <testcase name="verifyTitle" time="0.269" classname="com.demo.test"/>
  <testcase name="step1" time="2.345" classname="com.demo.test"/>
  <testcase name="step2" time="3.102" classname="com.demo.test"/>
  <testcase name="step3" time="2.605" classname="com.demo.test"/>
  <testcase name="step4" time="2.211" classname="com.demo.test"/>
  <testcase name="step5" time="0.787" classname="com.demo.test"/>
  <testcase name="step6" time="3.049" classname="com.demo.test"/>
  <testcase name="step7" time="0.143" classname="com.demo.test"/>
  <testcase name="step8" time="3.198" classname="com.demo.test"/>
  <testcase name="step9" time="0.245" classname="com.demo.test"/>
</testsuite> <!-- com.demo.test -->
