<?xml version="1.0" encoding="UTF-8"?>
<!-- Generated by org.testng.reporters.JUnitReportReporter -->
<testsuite skipped="0" hostname="ADMIN-PC" name="com.demo.test" tests="10" failures="0" timestamp="21 Jul 2020 10:10:26 GMT" time="18.560" errors="0">
  <testcase name="verifyTitle" time="0.698" classname="com.demo.test"/>
  <testcase name="step1" time="2.214" classname="com.demo.test"/>
  <testcase name="step2" time="3.451" classname="com.demo.test"/>
  <testcase name="step3" time="2.362" classname="com.demo.test"/>
  <testcase name="step4" time="2.375" classname="com.demo.test"/>
  <testcase name="step5" time="0.179" classname="com.demo.test"/>
  <testcase name="step6" time="3.111" classname="com.demo.test"/>
  <testcase name="step7" time="0.417" classname="com.demo.test"/>
  <testcase name="step8" time="3.441" classname="com.demo.test"/>
  <testcase name="step9" time="0.312" classname="com.demo.test"/>
</testsuite> <!-- com.demo.test -->
